<?xml version="1.0" encoding="UTF-8"?>
<!-- Generated by org.testng.reporters.JUnitReportReporter -->
<testsuite hostname="LAPTOP-7BPPRSF6" failures="0" tests="2" name="com.crm.qa.tests.LoginPageTest" time="12.296" errors="0" timestamp="2023-10-01T19:02:40 EDT" skipped="0">
  <testcase classname="com.crm.qa.tests.LoginPageTest" name="loginTest" time="8.526"/>
  <testcase classname="com.crm.qa.tests.LoginPageTest" name="loginTestTitleTest" time="3.770"/>
</testsuite> <!-- com.crm.qa.tests.LoginPageTest -->
